{"/home/qdr_tech/git/templates/typescript-serverless-template/src/handler.ts": {"path":"/home/qdr_tech/git/templates/typescript-serverless-template/src/handler.ts","statementMap":{"0":{"start":{"line":3,"column":45},"end":{"line":12,"column":1}},"1":{"start":{"line":4,"column":4},"end":{"line":11,"column":6}},"2":{"start":{"line":3,"column":13},"end":{"line":3,"column":45}},"3":{"start":{"line":14,"column":0},"end":{"line":14,"column":21}}},"fnMap":{"0":{"name":"(anonymous_0)","decl":{"start":{"line":3,"column":45},"end":{"line":3,"column":50}},"loc":{"start":{"line":3,"column":113},"end":{"line":12,"column":1}}}},"branchMap":{},"s":{"0":1,"1":1,"2":1,"3":1},"f":{"0":1},"b":{}}
}
